android/build/intermediates/manifest_merge_blame_file/debug/manifest-merger-blame-debug-report.txt
1<?xml version="1.0" encoding="utf-8"?>
2<manifest xmlns:android="http://schemas.android.com/apk/res/android"
3    package="io.wazo.callkeep" >
4
5    <uses-sdk
6        android:minSdkVersion="21"
6-->src/main/AndroidManifest.xml
7        android:targetSdkVersion="33" />
7-->src/main/AndroidManifest.xml
8
9    <uses-permission android:name="android.permission.CALL_PHONE" />
9-->src/main/AndroidManifest.xml:5:5-69
9-->src/main/AndroidManifest.xml:5:22-66
10    <uses-permission
10-->src/main/AndroidManifest.xml:6:5-8:38
11        android:name="android.permission.READ_PHONE_STATE"
11-->src/main/AndroidManifest.xml:7:9-59
12        android:maxSdkVersion="29" />
12-->src/main/AndroidManifest.xml:8:9-35
13    <uses-permission android:name="android.permission.READ_PHONE_NUMBERS" />
13-->src/main/AndroidManifest.xml:9:5-77
13-->src/main/AndroidManifest.xml:9:22-74
14    <uses-permission android:name="android.permission.MANAGE_OWN_CALLS" />
14-->src/main/AndroidManifest.xml:10:5-75
14-->src/main/AndroidManifest.xml:10:22-72
15    <uses-permission android:name="android.permission.WAKE_LOCK" />
15-->src/main/AndroidManifest.xml:11:5-68
15-->src/main/AndroidManifest.xml:11:22-65
16
17    <application>
17-->src/main/AndroidManifest.xml:13:5-23:19
18        <activity
18-->src/main/AndroidManifest.xml:14:9-16:40
19            android:name="io.wazo.callkeep.TestActivity"
19-->src/main/AndroidManifest.xml:15:13-41
20            android:exported="false" />
20-->src/main/AndroidManifest.xml:16:13-37
21        <activity
21-->src/main/AndroidManifest.xml:17:9-19:40
22            android:name="io.wazo.callkeep.RejectActivity"
22-->src/main/AndroidManifest.xml:18:13-43
23            android:exported="false" />
23-->src/main/AndroidManifest.xml:19:13-37
24        <activity
24-->src/main/AndroidManifest.xml:20:9-22:40
25            android:name="io.wazo.callkeep.AnswerActivity"
25-->src/main/AndroidManifest.xml:21:13-43
26            android:exported="false" />
26-->src/main/AndroidManifest.xml:22:13-37
27    </application>
28
29</manifest>